<?xml version="1.0" encoding="UTF-8"?>
<!-- Generated by org.testng.reporters.JUnitXMLReporter -->
<testsuite ignored="4" hostname="DESKTOP-QVM6J4J" failures="0" tests="3" name="RegressionTest" time="0.047" errors="0" timestamp="2023-12-06T09:08:58 IST">
  <testcase classname="TestDemo_2.Test_ng4" name="r1" time="0.006"/>
  <testcase classname="TestDemo_2.Test_ng4" name="r3" time="0.001"/>
  <testcase classname="TestDemo_2.Test_ng5" name="f1" time="0.001"/>
  <testcase classname="TestDemo_2.Test_ng5" name="f4" time="0.0">
    <ignored/>
  </testcase> <!-- f4 -->
  <testcase classname="TestDemo_2.Test_ng5" name="f2" time="0.0">
    <ignored/>
  </testcase> <!-- f2 -->
  <testcase classname="TestDemo_2.Test_ng5" name="f3" time="0.0">
    <ignored/>
  </testcase> <!-- f3 -->
  <testcase classname="TestDemo_2.Test_ng4" name="r2" time="0.0">
    <ignored/>
  </testcase> <!-- r2 -->
</testsuite> <!-- RegressionTest -->
