<?xml version="1.0" encoding="UTF-8"?>
<!-- Generated by org.testng.reporters.JUnitXMLReporter -->
<testsuite ignored="0" hostname="DESKTOP-QVM6J4J" failures="0" tests="3" name="CrossBrowserTest_Edge" time="20.971" errors="0" timestamp="2023-12-09T09:12:17 IST">
  <testcase classname="TestDemo_2.Test_ng6" name="t1" time="0.022"/>
  <testcase classname="TestDemo_2.Test_ng6" name="t2" time="0.002"/>
  <testcase classname="TestDemo_2.Test_ng6" name="t3" time="0.01"/>
</testsuite> <!-- CrossBrowserTest_Edge -->
