<?xml version="1.0" encoding="UTF-8"?>
<!-- Generated by org.testng.reporters.JUnitXMLReporter -->
<testsuite ignored="2" hostname="DESKTOP-QVM6J4J" failures="0" tests="1" name="CrossBrowserTest_Chrome" time="5.516" errors="0" timestamp="2023-12-09T09:11:56 IST">
  <testcase classname="TestDemo_2.Test_ng6" name="t1" time="0.034"/>
  <testcase classname="TestDemo_2.Test_ng6" name="t3" time="0.0">
    <ignored/>
  </testcase> <!-- t3 -->
  <testcase classname="TestDemo_2.Test_ng6" name="t2" time="0.0">
    <ignored/>
  </testcase> <!-- t2 -->
</testsuite> <!-- CrossBrowserTest_Chrome -->
