<?xml version="1.0" encoding="UTF-8"?>
<testng-results ignored="4" total="7" passed="3" failed="0" skipped="0">
  <reporter-output>
  </reporter-output>
  <suite started-at="2023-12-06T09:16:51 IST" name="MasterSuite" finished-at="2023-12-06T09:16:51 IST" duration-ms="51">
    <groups>
      <group name="Regression">
        <method signature="Test_ng4.r3()[pri:0, instance:TestDemo_2.Test_ng4@618425b5]" name="r3" class="TestDemo_2.Test_ng4"/>
      </group> <!-- Regression -->
      <group name="Critical Regression">
        <method signature="Test_ng4.r2()[pri:0, instance:TestDemo_2.Test_ng4@618425b5]" name="r2" class="TestDemo_2.Test_ng4"/>
        <method signature="Test_ng5.f2()[pri:0, instance:TestDemo_2.Test_ng5@434a63ab]" name="f2" class="TestDemo_2.Test_ng5"/>
      </group> <!-- Critical Regression -->
    </groups>
    <test started-at="2023-12-06T09:16:51 IST" name="MasterTest" finished-at="2023-12-06T09:16:51 IST" duration-ms="51">
      <class name="TestDemo_2.Test_ng4">
        <test-method signature="r2()[pri:0, instance:TestDemo_2.Test_ng4@618425b5]" started-at="2023-12-06T09:16:51 IST" name="r2" finished-at="2023-12-06T09:16:51 IST" duration-ms="6" status="PASS">
          <reporter-output>
          </reporter-output>
        </test-method> <!-- r2 -->
        <test-method signature="r3()[pri:0, instance:TestDemo_2.Test_ng4@618425b5]" started-at="2023-12-06T09:16:51 IST" name="r3" finished-at="2023-12-06T09:16:51 IST" duration-ms="1" status="PASS">
          <reporter-output>
          </reporter-output>
        </test-method> <!-- r3 -->
      </class> <!-- TestDemo_2.Test_ng4 -->
      <class name="TestDemo_2.Test_ng5">
        <test-method signature="f2()[pri:0, instance:TestDemo_2.Test_ng5@434a63ab]" started-at="2023-12-06T09:16:51 IST" name="f2" finished-at="2023-12-06T09:16:51 IST" duration-ms="0" status="PASS">
          <reporter-output>
          </reporter-output>
        </test-method> <!-- f2 -->
      </class> <!-- TestDemo_2.Test_ng5 -->
    </test> <!-- MasterTest -->
  </suite> <!-- MasterSuite -->
</testng-results>
