<?xml version="1.0" encoding="UTF-8"?>
<testng-results ignored="2" total="6" passed="4" failed="0" skipped="0">
  <reporter-output>
  </reporter-output>
  <suite started-at="2023-12-09T09:11:51 IST" name="CrossBrowserTestSuite" finished-at="2023-12-09T09:12:17 IST" duration-ms="26520">
    <groups>
    </groups>
    <test started-at="2023-12-09T09:11:51 IST" name="CrossBrowserTest_Chrome" finished-at="2023-12-09T09:11:56 IST" duration-ms="5516">
      <class name="TestDemo_2.Test_ng6">
        <test-method is-config="true" signature="setUp(java.lang.String)[pri:0, instance:TestDemo_2.Test_ng6@5d0a1059]" started-at="2023-12-09T09:11:51 IST" name="setUp" finished-at="2023-12-09T09:11:56 IST" duration-ms="5052" status="PASS">
          <params>
            <param index="0">
              <value>
                <![CDATA[Chrome]]>
              </value>
            </param>
          </params>
          <reporter-output>
          </reporter-output>
        </test-method> <!-- setUp -->
        <test-method signature="t1()[pri:0, instance:TestDemo_2.Test_ng6@5d0a1059]" started-at="2023-12-09T09:11:56 IST" name="t1" finished-at="2023-12-09T09:11:56 IST" duration-ms="34" status="PASS">
          <reporter-output>
          </reporter-output>
        </test-method> <!-- t1 -->
        <test-method is-config="true" signature="tearDown()[pri:0, instance:TestDemo_2.Test_ng6@5d0a1059]" started-at="2023-12-09T09:11:56 IST" name="tearDown" finished-at="2023-12-09T09:11:56 IST" duration-ms="344" status="PASS">
          <reporter-output>
          </reporter-output>
        </test-method> <!-- tearDown -->
      </class> <!-- TestDemo_2.Test_ng6 -->
    </test> <!-- CrossBrowserTest_Chrome -->
    <test started-at="2023-12-09T09:11:56 IST" name="CrossBrowserTest_Edge" finished-at="2023-12-09T09:12:17 IST" duration-ms="20971">
      <class name="TestDemo_2.Test_ng6">
        <test-method is-config="true" signature="setUp(java.lang.String)[pri:0, instance:TestDemo_2.Test_ng6@3c77d488]" started-at="2023-12-09T09:11:56 IST" name="setUp" finished-at="2023-12-09T09:12:03 IST" duration-ms="7060" status="PASS">
          <params>
            <param index="0">
              <value>
                <![CDATA[Edge]]>
              </value>
            </param>
          </params>
          <reporter-output>
          </reporter-output>
        </test-method> <!-- setUp -->
        <test-method signature="t1()[pri:0, instance:TestDemo_2.Test_ng6@3c77d488]" started-at="2023-12-09T09:12:03 IST" name="t1" finished-at="2023-12-09T09:12:03 IST" duration-ms="22" status="PASS">
          <reporter-output>
          </reporter-output>
        </test-method> <!-- t1 -->
        <test-method is-config="true" signature="tearDown()[pri:0, instance:TestDemo_2.Test_ng6@3c77d488]" started-at="2023-12-09T09:12:03 IST" name="tearDown" finished-at="2023-12-09T09:12:04 IST" duration-ms="397" status="PASS">
          <reporter-output>
          </reporter-output>
        </test-method> <!-- tearDown -->
        <test-method is-config="true" signature="setUp(java.lang.String)[pri:0, instance:TestDemo_2.Test_ng6@3c77d488]" started-at="2023-12-09T09:12:04 IST" name="setUp" finished-at="2023-12-09T09:12:11 IST" duration-ms="6850" status="PASS">
          <params>
            <param index="0">
              <value>
                <![CDATA[Edge]]>
              </value>
            </param>
          </params>
          <reporter-output>
          </reporter-output>
        </test-method> <!-- setUp -->
        <test-method signature="t2()[pri:0, instance:TestDemo_2.Test_ng6@3c77d488]" started-at="2023-12-09T09:12:11 IST" name="t2" finished-at="2023-12-09T09:12:11 IST" duration-ms="2" status="PASS">
          <reporter-output>
          </reporter-output>
        </test-method> <!-- t2 -->
        <test-method is-config="true" signature="tearDown()[pri:0, instance:TestDemo_2.Test_ng6@3c77d488]" started-at="2023-12-09T09:12:11 IST" name="tearDown" finished-at="2023-12-09T09:12:11 IST" duration-ms="318" status="PASS">
          <reporter-output>
          </reporter-output>
        </test-method> <!-- tearDown -->
        <test-method is-config="true" signature="setUp(java.lang.String)[pri:0, instance:TestDemo_2.Test_ng6@3c77d488]" started-at="2023-12-09T09:12:11 IST" name="setUp" finished-at="2023-12-09T09:12:17 IST" duration-ms="6174" status="PASS">
          <params>
            <param index="0">
              <value>
                <![CDATA[Edge]]>
              </value>
            </param>
          </params>
          <reporter-output>
          </reporter-output>
        </test-method> <!-- setUp -->
        <test-method signature="t3()[pri:0, instance:TestDemo_2.Test_ng6@3c77d488]" started-at="2023-12-09T09:12:17 IST" name="t3" finished-at="2023-12-09T09:12:17 IST" duration-ms="10" status="PASS">
          <reporter-output>
          </reporter-output>
        </test-method> <!-- t3 -->
        <test-method is-config="true" signature="tearDown()[pri:0, instance:TestDemo_2.Test_ng6@3c77d488]" started-at="2023-12-09T09:12:17 IST" name="tearDown" finished-at="2023-12-09T09:12:17 IST" duration-ms="117" status="PASS">
          <reporter-output>
          </reporter-output>
        </test-method> <!-- tearDown -->
      </class> <!-- TestDemo_2.Test_ng6 -->
    </test> <!-- CrossBrowserTest_Edge -->
  </suite> <!-- CrossBrowserTestSuite -->
</testng-results>
