<?xml version="1.0" encoding="UTF-8"?>
<testng-results ignored="0" total="1" passed="1" failed="0" skipped="0">
  <reporter-output>
  </reporter-output>
  <suite started-at="2023-12-12T09:15:15 IST" name="Default suite" finished-at="2023-12-12T09:15:21 IST" duration-ms="6069">
    <groups>
    </groups>
    <test started-at="2023-12-12T09:15:15 IST" name="Default test" finished-at="2023-12-12T09:15:21 IST" duration-ms="6069">
      <class name="TestDemo_2.Verify_Login_Functionality">
        <test-method signature="TC_login_001_Verify_Login_Functionality()[pri:0, instance:TestDemo_2.Verify_Login_Functionality@4738a206]" started-at="2023-12-12T09:15:15 IST" name="TC_login_001_Verify_Login_Functionality" finished-at="2023-12-12T09:15:21 IST" duration-ms="6036" status="PASS">
          <reporter-output>
          </reporter-output>
        </test-method> <!-- TC_login_001_Verify_Login_Functionality -->
      </class> <!-- TestDemo_2.Verify_Login_Functionality -->
    </test> <!-- Default test -->
  </suite> <!-- Default suite -->
</testng-results>
