<?xml version="1.0" encoding="UTF-8"?>
<testng-results ignored="0" total="1" passed="1" failed="0" skipped="0">
  <reporter-output>
  </reporter-output>
  <suite started-at="2023-12-14T09:18:42 IST" name="Default suite" finished-at="2023-12-14T09:18:46 IST" duration-ms="4314">
    <groups>
    </groups>
    <test started-at="2023-12-14T09:18:42 IST" name="Default test" finished-at="2023-12-14T09:18:46 IST" duration-ms="4314">
      <class name="TestDemo_2.Test_ng7">
        <test-method is-config="true" signature="setUp()[pri:0, instance:TestDemo_2.Test_ng7@74751b3]" started-at="2023-12-14T09:18:42 IST" name="setUp" finished-at="2023-12-14T09:18:45 IST" duration-ms="3541" status="PASS">
          <reporter-output>
          </reporter-output>
        </test-method> <!-- setUp -->
        <test-method signature="verifyLoginFunctionality()[pri:0, instance:TestDemo_2.Test_ng7@74751b3]" started-at="2023-12-14T09:18:45 IST" name="verifyLoginFunctionality" finished-at="2023-12-14T09:18:46 IST" duration-ms="506" status="PASS">
          <reporter-output>
          </reporter-output>
        </test-method> <!-- verifyLoginFunctionality -->
        <test-method is-config="true" signature="tearDown()[pri:0, instance:TestDemo_2.Test_ng7@74751b3]" started-at="2023-12-14T09:18:46 IST" name="tearDown" finished-at="2023-12-14T09:18:46 IST" duration-ms="227" status="PASS">
          <reporter-output>
          </reporter-output>
        </test-method> <!-- tearDown -->
      </class> <!-- TestDemo_2.Test_ng7 -->
    </test> <!-- Default test -->
  </suite> <!-- Default suite -->
</testng-results>
