<?xml version="1.0" encoding="UTF-8"?>
<!-- Generated by org.testng.reporters.JUnitXMLReporter -->
<testsuite ignored="2" hostname="DESKTOP-QVM6J4J" failures="0" tests="5" name="CriticalRegressionTest" time="0.052" errors="0" timestamp="2023-12-06T09:09:10 IST">
  <testcase classname="TestDemo_2.Test_ng4" name="r1" time="0.005"/>
  <testcase classname="TestDemo_2.Test_ng4" name="r2" time="0.001"/>
  <testcase classname="TestDemo_2.Test_ng5" name="f2" time="0.001"/>
  <testcase classname="TestDemo_2.Test_ng5" name="f3" time="0.001"/>
  <testcase classname="TestDemo_2.Test_ng5" name="f4" time="0.001"/>
  <testcase classname="TestDemo_2.Test_ng5" name="f1" time="0.0">
    <ignored/>
  </testcase> <!-- f1 -->
  <testcase classname="TestDemo_2.Test_ng4" name="r3" time="0.0">
    <ignored/>
  </testcase> <!-- r3 -->
</testsuite> <!-- CriticalRegressionTest -->
